Running: C:\Xilinx\14.7\ISE_DS\ISE\bin\nt\unwrapped\fuse.exe -intstyle ise -incremental -lib unisims_ver -lib unimacro_ver -lib xilinxcorelib_ver -o C:/Users/erene/OneDrive/Belgeler/Dersler/20182/CENG232/hw3/part2/hw3_part_2_2019/hw3_part_2_2019/testbench_formula1_isim_beh.exe -prj C:/Users/erene/OneDrive/Belgeler/Dersler/20182/CENG232/hw3/part2/hw3_part_2_2019/hw3_part_2_2019/testbench_formula1_beh.prj work.testbench_formula1 work.glbl 
ISim P.20131013 (signature 0x8ef4fb42)
Number of CPUs detected in this system: 8
Turning on mult-threading, number of parallel sub-compilation jobs: 16 
Determining compilation order of HDL files
Analyzing Verilog file "C:/Users/erene/OneDrive/Belgeler/Dersler/20182/CENG232/hw3/part2/hw3_part_2_2019/hw3_part_2_2019/lab3_2.v" into library work
Analyzing Verilog file "C:/Users/erene/OneDrive/Belgeler/Dersler/20182/CENG232/hw3/part2/hw3_part_2_2019/hw3_part_2_2019/test.v" into library work
Analyzing Verilog file "C:/Xilinx/14.7/ISE_DS/ISE//verilog/src/glbl.v" into library work
Starting static elaboration
Completed static elaboration
Fuse Memory Usage: 160272 KB
Fuse CPU Usage: 218 ms
Compiling module lab3_2
Compiling module testbench_formula1
Compiling module glbl
Time Resolution for simulation is 1ps.
Compiled 3 Verilog Units
Built simulation executable C:/Users/erene/OneDrive/Belgeler/Dersler/20182/CENG232/hw3/part2/hw3_part_2_2019/hw3_part_2_2019/testbench_formula1_isim_beh.exe
Fuse Memory Usage: 166772 KB
Fuse CPU Usage: 265 ms
